mode: set
github.com/heartmarshall/digital-forest/backend/internal/transport/http/dto/dto.go:27.52,34.2 1 1
github.com/heartmarshall/digital-forest/backend/internal/usecase/plant_usecase.go:20.55,22.2 1 1
github.com/heartmarshall/digital-forest/backend/internal/usecase/plant_usecase.go:27.101,39.16 3 1
github.com/heartmarshall/digital-forest/backend/internal/usecase/plant_usecase.go:39.16,41.3 1 1
github.com/heartmarshall/digital-forest/backend/internal/usecase/plant_usecase.go:42.2,42.26 1 1
github.com/heartmarshall/digital-forest/backend/internal/usecase/plant_usecase.go:45.91,48.16 2 1
github.com/heartmarshall/digital-forest/backend/internal/usecase/plant_usecase.go:48.16,50.3 1 1
github.com/heartmarshall/digital-forest/backend/internal/usecase/plant_usecase.go:52.2,52.20 1 1
github.com/heartmarshall/digital-forest/backend/internal/transport/http/handlers/plant_handler.go:34.74,39.2 1 1
github.com/heartmarshall/digital-forest/backend/internal/transport/http/handlers/plant_handler.go:42.76,44.61 2 1
github.com/heartmarshall/digital-forest/backend/internal/transport/http/handlers/plant_handler.go:44.61,47.3 2 1
github.com/heartmarshall/digital-forest/backend/internal/transport/http/handlers/plant_handler.go:50.2,50.82 1 1
github.com/heartmarshall/digital-forest/backend/internal/transport/http/handlers/plant_handler.go:50.82,53.3 2 1
github.com/heartmarshall/digital-forest/backend/internal/transport/http/handlers/plant_handler.go:56.2,57.16 2 1
github.com/heartmarshall/digital-forest/backend/internal/transport/http/handlers/plant_handler.go:57.16,61.3 2 1
github.com/heartmarshall/digital-forest/backend/internal/transport/http/handlers/plant_handler.go:64.2,65.46 2 1
github.com/heartmarshall/digital-forest/backend/internal/transport/http/handlers/plant_handler.go:69.80,73.20 3 1
github.com/heartmarshall/digital-forest/backend/internal/transport/http/handlers/plant_handler.go:73.20,76.31 3 1
github.com/heartmarshall/digital-forest/backend/internal/transport/http/handlers/plant_handler.go:76.31,81.4 2 1
github.com/heartmarshall/digital-forest/backend/internal/transport/http/handlers/plant_handler.go:83.3,83.29 1 1
github.com/heartmarshall/digital-forest/backend/internal/transport/http/handlers/plant_handler.go:83.29,85.4 1 1
github.com/heartmarshall/digital-forest/backend/internal/transport/http/handlers/plant_handler.go:88.2,89.16 2 1
github.com/heartmarshall/digital-forest/backend/internal/transport/http/handlers/plant_handler.go:89.16,92.3 2 1
github.com/heartmarshall/digital-forest/backend/internal/transport/http/handlers/plant_handler.go:94.2,95.31 2 1
github.com/heartmarshall/digital-forest/backend/internal/transport/http/handlers/plant_handler.go:95.31,97.3 1 1
github.com/heartmarshall/digital-forest/backend/internal/transport/http/handlers/plant_handler.go:99.2,102.4 1 1
github.com/heartmarshall/digital-forest/backend/internal/transport/http/handlers/plant_handler.go:106.74,108.16 2 1
github.com/heartmarshall/digital-forest/backend/internal/transport/http/handlers/plant_handler.go:108.16,112.3 3 0
github.com/heartmarshall/digital-forest/backend/internal/transport/http/handlers/plant_handler.go:113.2,115.19 3 1
github.com/heartmarshall/digital-forest/backend/internal/repository/plant/plant_postgres.go:21.48,23.2 1 1
github.com/heartmarshall/digital-forest/backend/internal/repository/plant/plant_postgres.go:27.91,34.16 2 1
github.com/heartmarshall/digital-forest/backend/internal/repository/plant/plant_postgres.go:34.16,36.3 1 0
github.com/heartmarshall/digital-forest/backend/internal/repository/plant/plant_postgres.go:38.2,45.16 3 1
github.com/heartmarshall/digital-forest/backend/internal/repository/plant/plant_postgres.go:45.16,47.3 1 0
github.com/heartmarshall/digital-forest/backend/internal/repository/plant/plant_postgres.go:48.2,48.26 1 1
github.com/heartmarshall/digital-forest/backend/internal/repository/plant/plant_postgres.go:53.87,61.16 2 1
github.com/heartmarshall/digital-forest/backend/internal/repository/plant/plant_postgres.go:61.16,63.3 1 0
github.com/heartmarshall/digital-forest/backend/internal/repository/plant/plant_postgres.go:66.2,67.16 2 1
github.com/heartmarshall/digital-forest/backend/internal/repository/plant/plant_postgres.go:67.16,69.3 1 0
github.com/heartmarshall/digital-forest/backend/internal/repository/plant/plant_postgres.go:70.2,75.18 3 1
github.com/heartmarshall/digital-forest/backend/internal/repository/plant/plant_postgres.go:75.18,77.81 2 1
github.com/heartmarshall/digital-forest/backend/internal/repository/plant/plant_postgres.go:77.81,79.4 1 0
github.com/heartmarshall/digital-forest/backend/internal/repository/plant/plant_postgres.go:80.3,80.29 1 1
github.com/heartmarshall/digital-forest/backend/internal/repository/plant/plant_postgres.go:84.2,84.35 1 1
github.com/heartmarshall/digital-forest/backend/internal/repository/plant/plant_postgres.go:84.35,86.3 1 0
github.com/heartmarshall/digital-forest/backend/internal/repository/plant/plant_postgres.go:88.2,88.20 1 1
